2026-02-07 00:54:59,317 - PriceElasticityAnalysis - INFO - ================================================================================
2026-02-07 00:54:59,317 - PriceElasticityAnalysis - INFO - STARTING BAYESIAN PRICE ELASTICITY ANALYSIS
2026-02-07 00:54:59,317 - PriceElasticityAnalysis - INFO - ================================================================================
2026-02-07 00:54:59,317 - PriceElasticityAnalysis - INFO - 
Timestamp: 2026-02-07 00:54:59
2026-02-07 00:54:59,318 - PriceElasticityAnalysis - INFO - Output directory: results_v3_samples4000
2026-02-07 00:54:59,318 - PriceElasticityAnalysis - INFO - 
================================================================================
2026-02-07 00:54:59,318 - PriceElasticityAnalysis - INFO - STEP 1: DATA PREPARATION
2026-02-07 00:54:59,318 - PriceElasticityAnalysis - INFO - ================================================================================
2026-02-07 00:54:59,481 - PriceElasticityAnalysis - INFO - 
✓ Data preparation complete
2026-02-07 00:54:59,481 - PriceElasticityAnalysis - INFO -   Final shape: (479, 21)
2026-02-07 00:54:59,482 - PriceElasticityAnalysis - INFO -   Date range: 2023-01-01 00:00:00 to 2026-01-25 00:00:00
2026-02-07 00:54:59,493 - PriceElasticityAnalysis - INFO -   Saved to: results_v3_samples4000/prepared_data.csv
2026-02-07 00:54:59,493 - PriceElasticityAnalysis - INFO - 
================================================================================
2026-02-07 00:54:59,493 - PriceElasticityAnalysis - INFO - STEP 2: BAYESIAN MODEL FITTING
2026-02-07 00:54:59,493 - PriceElasticityAnalysis - INFO - ================================================================================
2026-02-07 00:54:59,493 - PriceElasticityAnalysis - INFO - 
Model type: hierarchical
2026-02-07 00:54:59,493 - PriceElasticityAnalysis - INFO - Prior specification: default
2026-02-07 00:54:59,493 - PriceElasticityAnalysis - INFO - MCMC settings: 4000 samples × 4 chains
2026-02-07 01:06:50,921 - PriceElasticityAnalysis - INFO - 
✓ Model fitting complete
2026-02-07 01:06:50,921 - PriceElasticityAnalysis - INFO -   Convergence: ⚠️ Warnings
2026-02-07 01:06:50,921 - PriceElasticityAnalysis - INFO -   Max R-hat: 1.0014
2026-02-07 01:06:50,921 - PriceElasticityAnalysis - INFO -   Min ESS: 1591
2026-02-07 01:06:50,921 - PriceElasticityAnalysis - INFO - 
================================================================================
2026-02-07 01:06:50,921 - PriceElasticityAnalysis - INFO - STEP 3: SAVING RESULTS
2026-02-07 01:06:50,922 - PriceElasticityAnalysis - INFO - ================================================================================
2026-02-07 01:06:50,922 - PriceElasticityAnalysis - INFO - 
✓ Summary saved to: results_v3_samples4000/model_summary.txt
2026-02-07 01:06:51,307 - PriceElasticityAnalysis - INFO - ✓ Trace saved to: results_v3_samples4000/trace.nc
2026-02-07 01:06:51,310 - PriceElasticityAnalysis - INFO - ✓ Results table saved to: results_v3_samples4000/results_summary.csv
2026-02-07 01:06:51,310 - PriceElasticityAnalysis - INFO - 
================================================================================
2026-02-07 01:06:51,311 - PriceElasticityAnalysis - INFO - STEP 4: GENERATING VISUALIZATIONS
2026-02-07 01:06:51,311 - PriceElasticityAnalysis - INFO - ================================================================================
2026-02-07 01:07:02,557 - PriceElasticityAnalysis - INFO - 
✓ All plots saved to: results_v3_samples4000/plots
2026-02-07 01:07:02,557 - PriceElasticityAnalysis - INFO - 
================================================================================
2026-02-07 01:07:02,557 - PriceElasticityAnalysis - INFO - STEP 5: GENERATING HTML REPORT
2026-02-07 01:07:02,557 - PriceElasticityAnalysis - INFO - ================================================================================
2026-02-07 01:07:13,597 - PriceElasticityAnalysis - INFO - 
✓ HTML report generated: results_v3_samples4000/elasticity_report.html
2026-02-07 01:07:13,597 - PriceElasticityAnalysis - INFO - 
================================================================================
2026-02-07 01:07:13,597 - PriceElasticityAnalysis - INFO - ✓ ANALYSIS COMPLETE
2026-02-07 01:07:13,597 - PriceElasticityAnalysis - INFO - ================================================================================
2026-02-07 01:07:13,597 - PriceElasticityAnalysis - INFO - 
📊 KEY RESULTS:
2026-02-07 01:07:13,597 - PriceElasticityAnalysis - INFO -   Base Price Elasticity: -1.826 [-2.716, -1.163]
2026-02-07 01:07:13,598 - PriceElasticityAnalysis - INFO -   Promotional Elasticity: -4.250 [-4.845, -3.779]
2026-02-07 01:07:13,598 - PriceElasticityAnalysis - INFO -   Cross-Price Elasticity: -0.094 [-0.226, 0.040]
2026-02-07 01:07:13,598 - PriceElasticityAnalysis - INFO - 
  → Demand is ELASTIC (price increases hurt revenue)
2026-02-07 01:07:13,598 - PriceElasticityAnalysis - INFO - 
📁 OUTPUT FILES:
2026-02-07 01:07:13,598 - PriceElasticityAnalysis - INFO -   Directory: results_v3_samples4000
2026-02-07 01:07:13,598 - PriceElasticityAnalysis - INFO -   - prepared_data.csv
2026-02-07 01:07:13,598 - PriceElasticityAnalysis - INFO -   - model_summary.txt
2026-02-07 01:07:13,598 - PriceElasticityAnalysis - INFO -   - results_summary.csv
2026-02-07 01:07:13,598 - PriceElasticityAnalysis - INFO -   - plots/ (all diagnostic plots)
2026-02-07 01:07:13,598 - PriceElasticityAnalysis - INFO -   - elasticity_report.html
2026-02-07 01:07:13,598 - PriceElasticityAnalysis - INFO -   - analysis.log
2026-02-07 01:07:13,598 - PriceElasticityAnalysis - INFO - 
💡 NEXT STEPS:
2026-02-07 01:07:13,598 - PriceElasticityAnalysis - INFO -   1. Review HTML report: results_v3_samples4000/elasticity_report.html
2026-02-07 01:07:13,598 - PriceElasticityAnalysis - INFO -   2. Check convergence in model_summary.txt
2026-02-07 01:07:13,598 - PriceElasticityAnalysis - INFO -   3. Use results_summary.csv for further analysis
2026-02-07 01:07:13,599 - PriceElasticityAnalysis - INFO - 
✓ Pipeline completed successfully!
